[debug] [2019-03-19T11:48:26.185Z] ----------------------------------------------------------------------
[debug] [2019-03-19T11:48:26.190Z] Command:       /usr/local/bin/node /usr/local/bin/firebase deploy
[debug] [2019-03-19T11:48:26.190Z] CLI Version:   6.4.0
[debug] [2019-03-19T11:48:26.190Z] Platform:      darwin
[debug] [2019-03-19T11:48:26.190Z] Node Version:  v11.3.0
[debug] [2019-03-19T11:48:26.191Z] Time:          Tue Mar 19 2019 20:48:26 GMT+0900 (GMT+09:00)
[debug] [2019-03-19T11:48:26.191Z] ----------------------------------------------------------------------
[debug] 
[debug] [2019-03-19T11:48:26.206Z] > command requires scopes: ["email","openid","https://www.googleapis.com/auth/cloudplatformprojects.readonly","https://www.googleapis.com/auth/firebase","https://www.googleapis.com/auth/cloud-platform"]
[debug] [2019-03-19T11:48:26.206Z] > authorizing via signed-in user
[debug] [2019-03-19T11:48:26.207Z] [iam] checking project ableapp-ed7f6 for permissions ["firebase.projects.get","firebasehosting.sites.update"]
[debug] [2019-03-19T11:48:26.209Z] >>> HTTP REQUEST POST https://cloudresourcemanager.googleapis.com/v1/projects/ableapp-ed7f6:testIamPermissions  

[debug] [2019-03-19T11:48:27.167Z] <<< HTTP RESPONSE 200
[debug] [2019-03-19T11:48:27.169Z] >>> HTTP REQUEST GET https://firebase.googleapis.com/v1beta1/projects/ableapp-ed7f6  
 
[debug] [2019-03-19T11:48:28.290Z] <<< HTTP RESPONSE 200
[info] 
[info] === Deploying to 'ableapp-ed7f6'...
[info] 
[info] i  deploying hosting
[debug] [2019-03-19T11:48:28.298Z] >>> HTTP REQUEST POST https://firebasehosting.googleapis.com/v1beta1/sites/ableapp-ed7f6/versions  

[debug] [2019-03-19T11:48:29.725Z] <<< HTTP RESPONSE 200
[info] i  hosting[ableapp-ed7f6]: beginning deploy...
[info] i  hosting[ableapp-ed7f6]: found 8 files in dist
[debug] [2019-03-19T11:48:29.746Z] [hosting] hash cache [ZGlzdA] load error: lines is not defined
[debug] [2019-03-19T11:48:30.617Z] [hosting] hash cache [ZGlzdA] stored for 8 files
[debug] [2019-03-19T11:48:30.617Z] [hosting][hash queue][FINAL]
[debug] [2019-03-19T11:48:30.617Z] >>> HTTP REQUEST POST https://firebasehosting.googleapis.com/v1beta1/sites/ableapp-ed7f6/versions/c2f114266facfcc3:populateFiles  
 <request body omitted>
